-------------------------------------------------------------------------------
Test set: com.acme.Meeting.Test.SessionServiceImplIntegrationTest
-------------------------------------------------------------------------------
Tests run: 2, Failures: 0, Errors: 2, Skipped: 0, Time elapsed: 0.105 s <<< FAILURE! - in com.acme.Meeting.Test.SessionServiceImplIntegrationTest
WhencreateSessionButCustomerIdNotExistsReturnResourceCustomerNotFoundForIdWithValue1  Time elapsed: 0 s  <<< ERROR!
java.lang.IllegalStateException: Failed to load ApplicationContext
Caused by: org.springframework.beans.factory.UnsatisfiedDependencyException: Error creating bean with name 'postService': Unsatisfied dependency expressed through field 'collaboratorRepository'; nested exception is org.springframework.beans.factory.NoSuchBeanDefinitionException: No qualifying bean of type 'com.acme.homehealthy.Initialization.domain.repository.CollaboratorRepository' available: expected at least 1 bean which qualifies as autowire candidate. Dependency annotations: {@org.springframework.beans.factory.annotation.Autowired(required=true)}
Caused by: org.springframework.beans.factory.NoSuchBeanDefinitionException: No qualifying bean of type 'com.acme.homehealthy.Initialization.domain.repository.CollaboratorRepository' available: expected at least 1 bean which qualifies as autowire candidate. Dependency annotations: {@org.springframework.beans.factory.annotation.Autowired(required=true)}

WhenfindSessionButWithCustomerIdAndSessionIdReturnSessionNotFoundWithId1AndCustomerId1  Time elapsed: 0 s  <<< ERROR!
java.lang.IllegalStateException: Failed to load ApplicationContext
Caused by: org.springframework.beans.factory.UnsatisfiedDependencyException: Error creating bean with name 'postService': Unsatisfied dependency expressed through field 'collaboratorRepository'; nested exception is org.springframework.beans.factory.NoSuchBeanDefinitionException: No qualifying bean of type 'com.acme.homehealthy.Initialization.domain.repository.CollaboratorRepository' available: expected at least 1 bean which qualifies as autowire candidate. Dependency annotations: {@org.springframework.beans.factory.annotation.Autowired(required=true)}
Caused by: org.springframework.beans.factory.NoSuchBeanDefinitionException: No qualifying bean of type 'com.acme.homehealthy.Initialization.domain.repository.CollaboratorRepository' available: expected at least 1 bean which qualifies as autowire candidate. Dependency annotations: {@org.springframework.beans.factory.annotation.Autowired(required=true)}

